*****************************
***********SYSTEM************
*****************************
Unity Version:2019.4.40f1
OS:Windows 10  (10.0.19044) 64bit
System Time: 8/26/2022 8:47:53 PM

*****************************
***********PROJECT***********
*****************************
Scripting Define Symbols: CVR_XR
Packages:
SDK Version: 0.26.19
Api Key: ****HWRS
Developer Key: ****9141
Enable Logging: True
Enable Development Logging: False
Gaze Type: Physics
Snapshot Interval: 0.1
Dynamic Object Search in Parent: True
Dynamic Object Layer Mask: -1
Track GPS Location: False
GPS Sync with Player Update: False
GPS Update Interval: 1
GPS Accuracy: 2
Record Floor Position: True
Gaze Snapshot Batch Size: 64
Event Snapshot Batch Size: 64
Event Extreme Batch Size: 256
Event Minimum Timer: 2
Event Automatic Send Timer: 10
Dynamic Snapshot Batch Size: 64
Dynamic Extreme Batch Size: 256
Dynamic Minimum Timer: 2
Dynamic Automatic Send Timer: 10
Sensor Snapshot Batch Size: 64
Sensor Extreme Batch Size: 256
Sensor Minimum Timer: 6
Sensor Automatic Send Timer: 10
Fixation Snapshot Batch Size: 64
Fixation Extreme Batch Size: 2
Fixation Minimum Timer: 2
Fixation Automatic Send Timer: 10
Save Data to Local Cache if no internet connection: True
Cache Size (bytes): 104857600
Cache Size (mb): 100.0 MB
Custom Protocol: https
Custom Gateway: data.cognitive3d.com
Custom Viewer: viewer.cognitive3d.com/scene/
Custom Dashboard: app.cognitive3d.com
Send Data on HMD Remove: True
Send Data on Level Load: True
Send Data on Quit: True
Send Data on Hotkey: False
Send Data Primary Hotkey: F9
Send Data Hotkey Modifiers: True False False
Texture Export Quality: 1
Export Lowest LOD from LODGroup Components: True
Export AO Maps: False
Scene Settings:
  ├─ReadyRoom
  │  ├─Scene Id: 
  │  ├─Scene Path: Assets/CognitiveVR/ReadyRoom/ReadyRoom.unity
  │  ├─Last Revision: 0
  │  ├─Version Number: 1
  │  └─Version Id: 0
  ├─DefaultLightingScene
  │  ├─Scene Id: 
  │  ├─Scene Path: Assets/MixedRealityToolkit.SDK/StandardAssets/Scenes/DefaultLightingScene.unity
  │  ├─Last Revision: 0
  │  ├─Version Number: 1
  │  └─Version Id: 0
  ├─DefaultManagerScene
  │  ├─Scene Id: 
  │  ├─Scene Path: Assets/MixedRealityToolkit.SDK/StandardAssets/Scenes/DefaultManagerScene.unity
  │  ├─Last Revision: 0
  │  ├─Version Number: 1
  │  └─Version Id: 0
  ├─ControllerMappingTool
  │  ├─Scene Id: 
  │  ├─Scene Path: Assets/MixedRealityToolkit.Tools/RuntimeTools/Tools/ControllerMappingTool/ControllerMappingTool.unity
  │  ├─Last Revision: 0
  │  ├─Version Number: 1
  │  └─Version Id: 0
  └─HoloProject
     ├─Scene Id: 
     ├─Scene Path: Assets/Scenes/HoloProject.unity
     ├─Last Revision: 0
     ├─Version Number: 1
     └─Version Id: 0

*****************************
********CURRENT SCENE********
*****************************
Scene Name: HoloProject
Scene Id: 
Scene Path: Assets/Scenes/HoloProject.unity
Last Revision: 0
Version Number: 1
Version Id: 0
Scene Size (mb): 0.00
Main Camera GameObject: Main Camera
Manager Initialize On Start: True
Manager Startup Delay Time (s): 2

*****************************
****CURRENT SCENE OBJECTS****
*****************************
Dynamic Object Count: 1
  └─Cube
     ├─Mesh Name: cube
     ├─Has Collider: true
     ├─Collider Type: UnityEngine.BoxCollider
     └─Has Children: false

*****************************
********EXPORT FOLDER********
*****************************
/CognitiveVR_SceneExplorerExport (0mb)
   /Dynamic (0.01mb)
      /cube (0.01mb)
         cube.bin (0.00mb)
         cube.gltf (0.00mb)
         cvr_object_thumbnail.png (0.01mb)
   /HoloProject (0.00mb)
      settings.json (0.00mb)
